# JRE version: OpenJDK Runtime Environment (11.0.13) (build 11.0.13+0-b1751.21-8125866)
# Java VM: OpenJDK 64-Bit Server VM (11.0.13+0-b1751.21-8125866, mixed mode, tiered, compressed oops, g1 gc, windows-amd64)
Heap:
 garbage-first heap   total 260096K, used 62123K [0x0000000080000000, 0x0000000100000000)
  region size 1024K, 21 young (21504K), 12 survivors (12288K)
 Metaspace       used 66647K, capacity 68267K, committed 68488K, reserved 1110016K
  class space    used 8427K, capacity 9029K, committed 9088K, reserved 1048576K
GC Heap History (16 events):
Event: 1.062 GC heap before
{Heap before GC invocations=0 (full 0):
 garbage-first heap   total 260096K, used 29696K [0x0000000080000000, 0x0000000100000000)
  region size 1024K, 24 young (24576K), 0 survivors (0K)
 Metaspace       used 10115K, capacity 10339K, committed 10624K, reserved 1058816K
  class space    used 1034K, capacity 1106K, committed 1152K, reserved 1048576K
}
Event: 1.065 GC heap after
{Heap after GC invocations=1 (full 0):
 garbage-first heap   total 260096K, used 9338K [0x0000000080000000, 0x0000000100000000)
  region size 1024K, 3 young (3072K), 3 survivors (3072K)
 Metaspace       used 10115K, capacity 10339K, committed 10624K, reserved 1058816K
  class space    used 1034K, capacity 1106K, committed 1152K, reserved 1048576K
}
Event: 3.590 GC heap before
{Heap before GC invocations=1 (full 0):
 garbage-first heap   total 260096K, used 114810K [0x0000000080000000, 0x0000000100000000)
  region size 1024K, 107 young (109568K), 3 survivors (3072K)
 Metaspace       used 20777K, capacity 21199K, committed 21296K, reserved 1069056K
  class space    used 2530K, capacity 2686K, committed 2688K, reserved 1048576K
}
Event: 3.598 GC heap after
{Heap after GC invocations=2 (full 0):
 garbage-first heap   total 260096K, used 16847K [0x0000000080000000, 0x0000000100000000)
  region size 1024K, 11 young (11264K), 11 survivors (11264K)
 Metaspace       used 20777K, capacity 21199K, committed 21296K, reserved 1069056K
  class space    used 2530K, capacity 2686K, committed 2688K, reserved 1048576K
}
Event: 4.329 GC heap before
{Heap before GC invocations=3 (full 0):
 garbage-first heap   total 260096K, used 85455K [0x0000000080000000, 0x0000000100000000)
  region size 1024K, 78 young (79872K), 11 survivors (11264K)
 Metaspace       used 27466K, capacity 28117K, committed 28336K, reserved 1073152K
  class space    used 3567K, capacity 3812K, committed 3840K, reserved 1048576K
}
Event: 4.335 GC heap after
{Heap after GC invocations=4 (full 0):
 garbage-first heap   total 260096K, used 19398K [0x0000000080000000, 0x0000000100000000)
  region size 1024K, 3 young (3072K), 3 survivors (3072K)
 Metaspace       used 27466K, capacity 28117K, committed 28336K, reserved 1073152K
  class space    used 3567K, capacity 3812K, committed 3840K, reserved 1048576K
}
Event: 4.936 GC heap before
{Heap before GC invocations=4 (full 0):
 garbage-first heap   total 260096K, used 66502K [0x0000000080000000, 0x0000000100000000)
  region size 1024K, 50 young (51200K), 3 survivors (3072K)
 Metaspace       used 35042K, capacity 35763K, committed 35920K, reserved 1081344K
  class space    used 4498K, capacity 4788K, committed 4864K, reserved 1048576K
}
Event: 4.943 GC heap after
{Heap after GC invocations=5 (full 0):
 garbage-first heap   total 260096K, used 22430K [0x0000000080000000, 0x0000000100000000)
  region size 1024K, 6 young (6144K), 6 survivors (6144K)
 Metaspace       used 35042K, capacity 35763K, committed 35920K, reserved 1081344K
  class space    used 4498K, capacity 4788K, committed 4864K, reserved 1048576K
}
Event: 6.533 GC heap before
{Heap before GC invocations=6 (full 0):
 garbage-first heap   total 260096K, used 144286K [0x0000000080000000, 0x0000000100000000)
  region size 1024K, 122 young (124928K), 6 survivors (6144K)
 Metaspace       used 45037K, capacity 46058K, committed 46160K, reserved 1089536K
  class space    used 5711K, capacity 6073K, committed 6144K, reserved 1048576K
}
Event: 6.541 GC heap after
{Heap after GC invocations=7 (full 0):
 garbage-first heap   total 260096K, used 29501K [0x0000000080000000, 0x0000000100000000)
  region size 1024K, 13 young (13312K), 13 survivors (13312K)
 Metaspace       used 45037K, capacity 46058K, committed 46160K, reserved 1089536K
  class space    used 5711K, capacity 6073K, committed 6144K, reserved 1048576K
}
Event: 8.390 GC heap before
{Heap before GC invocations=7 (full 0):
 garbage-first heap   total 260096K, used 168765K [0x0000000080000000, 0x0000000100000000)
  region size 1024K, 145 young (148480K), 13 survivors (13312K)
 Metaspace       used 54437K, capacity 55835K, committed 56016K, reserved 1097728K
  class space    used 6903K, capacity 7444K, committed 7552K, reserved 1048576K
}
Event: 8.404 GC heap after
{Heap after GC invocations=8 (full 0):
 garbage-first heap   total 260096K, used 42372K [0x0000000080000000, 0x0000000100000000)
  region size 1024K, 16 young (16384K), 16 survivors (16384K)
 Metaspace       used 54437K, capacity 55835K, committed 56016K, reserved 1097728K
  class space    used 6903K, capacity 7444K, committed 7552K, reserved 1048576K
}
Event: 8.965 GC heap before
{Heap before GC invocations=8 (full 0):
 garbage-first heap   total 260096K, used 70020K [0x0000000080000000, 0x0000000100000000)
  region size 1024K, 44 young (45056K), 16 survivors (16384K)
 Metaspace       used 58756K, capacity 60121K, committed 60296K, reserved 1101824K
  class space    used 7423K, capacity 7974K, committed 8064K, reserved 1048576K
}
Event: 8.980 GC heap after
{Heap after GC invocations=9 (full 0):
 garbage-first heap   total 260096K, used 44127K [0x0000000080000000, 0x0000000100000000)
  region size 1024K, 11 young (11264K), 11 survivors (11264K)
 Metaspace       used 58756K, capacity 60121K, committed 60296K, reserved 1101824K
  class space    used 7423K, capacity 7974K, committed 8064K, reserved 1048576K
}
Event: 10.874 GC heap before
{Heap before GC invocations=10 (full 0):
 garbage-first heap   total 260096K, used 177247K [0x0000000080000000, 0x0000000100000000)
  region size 1024K, 134 young (137216K), 11 survivors (11264K)
 Metaspace       used 65574K, capacity 67178K, committed 67336K, reserved 1107968K
  class space    used 8287K, capacity 8901K, committed 8960K, reserved 1048576K
}
Event: 10.886 GC heap after
{Heap after GC invocations=11 (full 0):
 garbage-first heap   total 260096K, used 53931K [0x0000000080000000, 0x0000000100000000)
  region size 1024K, 12 young (12288K), 12 survivors (12288K)
 Metaspace       used 65574K, capacity 67178K, committed 67336K, reserved 1107968K
  class space    used 8287K, capacity 8901K, committed 8960K, reserved 1048576K
}

