# JRE version: OpenJDK Runtime Environment (11.0.13) (build 11.0.13+0-b1751.21-8125866)
# Java VM: OpenJDK 64-Bit Server VM (11.0.13+0-b1751.21-8125866, mixed mode, tiered, compressed oops, g1 gc, windows-amd64)
Heap:
 garbage-first heap   total 260096K, used 85124K [0x0000000080000000, 0x0000000100000000)
  region size 1024K, 15 young (15360K), 15 survivors (15360K)
 Metaspace       used 92025K, capacity 94281K, committed 94416K, reserved 1138688K
  class space    used 11840K, capacity 12723K, committed 12832K, reserved 1048576K
GC Heap History (20 events):
Event: 4.333 GC heap before
{Heap before GC invocations=3 (full 0):
 garbage-first heap   total 260096K, used 87472K [0x0000000080000000, 0x0000000100000000)
  region size 1024K, 80 young (81920K), 12 survivors (12288K)
 Metaspace       used 27539K, capacity 28213K, committed 28412K, reserved 1073152K
  class space    used 3588K, capacity 3844K, committed 3916K, reserved 1048576K
}
Event: 4.338 GC heap after
{Heap after GC invocations=4 (full 0):
 garbage-first heap   total 260096K, used 19879K [0x0000000080000000, 0x0000000100000000)
  region size 1024K, 3 young (3072K), 3 survivors (3072K)
 Metaspace       used 27539K, capacity 28213K, committed 28412K, reserved 1073152K
  class space    used 3588K, capacity 3844K, committed 3916K, reserved 1048576K
}
Event: 5.007 GC heap before
{Heap before GC invocations=4 (full 0):
 garbage-first heap   total 260096K, used 66983K [0x0000000080000000, 0x0000000100000000)
  region size 1024K, 50 young (51200K), 3 survivors (3072K)
 Metaspace       used 35193K, capacity 35959K, committed 36048K, reserved 1081344K
  class space    used 4522K, capacity 4833K, committed 4896K, reserved 1048576K
}
Event: 5.015 GC heap after
{Heap after GC invocations=5 (full 0):
 garbage-first heap   total 260096K, used 22807K [0x0000000080000000, 0x0000000100000000)
  region size 1024K, 6 young (6144K), 6 survivors (6144K)
 Metaspace       used 35193K, capacity 35959K, committed 36048K, reserved 1081344K
  class space    used 4522K, capacity 4833K, committed 4896K, reserved 1048576K
}
Event: 6.491 GC heap before
{Heap before GC invocations=6 (full 0):
 garbage-first heap   total 260096K, used 146711K [0x0000000080000000, 0x0000000100000000)
  region size 1024K, 124 young (126976K), 6 survivors (6144K)
 Metaspace       used 45224K, capacity 46220K, committed 46544K, reserved 1089536K
  class space    used 5740K, capacity 6106K, committed 6176K, reserved 1048576K
}
Event: 6.501 GC heap after
{Heap after GC invocations=7 (full 0):
 garbage-first heap   total 260096K, used 29727K [0x0000000080000000, 0x0000000100000000)
  region size 1024K, 13 young (13312K), 13 survivors (13312K)
 Metaspace       used 45224K, capacity 46220K, committed 46544K, reserved 1089536K
  class space    used 5740K, capacity 6106K, committed 6176K, reserved 1048576K
}
Event: 8.501 GC heap before
{Heap before GC invocations=7 (full 0):
 garbage-first heap   total 260096K, used 166943K [0x0000000080000000, 0x0000000100000000)
  region size 1024K, 143 young (146432K), 13 survivors (13312K)
 Metaspace       used 54916K, capacity 56318K, committed 56656K, reserved 1097728K
  class space    used 6924K, capacity 7476K, committed 7584K, reserved 1048576K
}
Event: 8.514 GC heap after
{Heap after GC invocations=8 (full 0):
 garbage-first heap   total 260096K, used 42761K [0x0000000080000000, 0x0000000100000000)
  region size 1024K, 16 young (16384K), 16 survivors (16384K)
 Metaspace       used 54916K, capacity 56318K, committed 56656K, reserved 1097728K
  class space    used 6924K, capacity 7476K, committed 7584K, reserved 1048576K
}
Event: 8.975 GC heap before
{Heap before GC invocations=8 (full 0):
 garbage-first heap   total 260096K, used 68361K [0x0000000080000000, 0x0000000100000000)
  region size 1024K, 42 young (43008K), 16 survivors (16384K)
 Metaspace       used 58815K, capacity 60315K, committed 60496K, reserved 1101824K
  class space    used 7420K, capacity 7974K, committed 8096K, reserved 1048576K
}
Event: 8.988 GC heap after
{Heap after GC invocations=9 (full 0):
 garbage-first heap   total 260096K, used 45009K [0x0000000080000000, 0x0000000100000000)
  region size 1024K, 12 young (12288K), 12 survivors (12288K)
 Metaspace       used 58815K, capacity 60315K, committed 60496K, reserved 1101824K
  class space    used 7420K, capacity 7974K, committed 8096K, reserved 1048576K
}
Event: 10.588 GC heap before
{Heap before GC invocations=10 (full 0):
 garbage-first heap   total 260096K, used 181201K [0x0000000080000000, 0x0000000100000000)
  region size 1024K, 138 young (141312K), 12 survivors (12288K)
 Metaspace       used 66204K, capacity 67821K, committed 68048K, reserved 1107968K
  class space    used 8345K, capacity 8965K, committed 8992K, reserved 1048576K
}
Event: 10.600 GC heap after
{Heap after GC invocations=11 (full 0):
 garbage-first heap   total 260096K, used 54437K [0x0000000080000000, 0x0000000100000000)
  region size 1024K, 12 young (12288K), 12 survivors (12288K)
 Metaspace       used 66204K, capacity 67821K, committed 68048K, reserved 1107968K
  class space    used 8345K, capacity 8965K, committed 8992K, reserved 1048576K
}
Event: 13.239 GC heap before
{Heap before GC invocations=11 (full 0):
 garbage-first heap   total 260096K, used 182437K [0x0000000080000000, 0x0000000100000000)
  region size 1024K, 137 young (140288K), 12 survivors (12288K)
 Metaspace       used 79218K, capacity 80955K, committed 81104K, reserved 1120256K
  class space    used 10273K, capacity 10956K, committed 11040K, reserved 1048576K
}
Event: 13.254 GC heap after
{Heap after GC invocations=12 (full 0):
 garbage-first heap   total 260096K, used 62291K [0x0000000080000000, 0x0000000100000000)
  region size 1024K, 9 young (9216K), 9 survivors (9216K)
 Metaspace       used 79218K, capacity 80955K, committed 81104K, reserved 1120256K
  class space    used 10273K, capacity 10956K, committed 11040K, reserved 1048576K
}
Event: 15.203 GC heap before
{Heap before GC invocations=12 (full 0):
 garbage-first heap   total 260096K, used 188243K [0x0000000080000000, 0x0000000100000000)
  region size 1024K, 133 young (136192K), 9 survivors (9216K)
 Metaspace       used 84063K, capacity 86171K, committed 86480K, reserved 1124352K
  class space    used 10897K, capacity 11727K, committed 11808K, reserved 1048576K
}
Event: 15.215 GC heap after
{Heap after GC invocations=13 (full 0):
 garbage-first heap   total 260096K, used 70644K [0x0000000080000000, 0x0000000100000000)
  region size 1024K, 17 young (17408K), 17 survivors (17408K)
 Metaspace       used 84063K, capacity 86171K, committed 86480K, reserved 1124352K
  class space    used 10897K, capacity 11727K, committed 11808K, reserved 1048576K
}
Event: 16.964 GC heap before
{Heap before GC invocations=13 (full 0):
 garbage-first heap   total 260096K, used 194548K [0x0000000080000000, 0x0000000100000000)
  region size 1024K, 138 young (141312K), 17 survivors (17408K)
 Metaspace       used 89296K, capacity 91476K, committed 91728K, reserved 1128448K
  class space    used 11540K, capacity 12352K, committed 12448K, reserved 1048576K
}
Event: 16.979 GC heap after
{Heap after GC invocations=14 (full 0):
 garbage-first heap   total 260096K, used 77039K [0x0000000080000000, 0x0000000100000000)
  region size 1024K, 15 young (15360K), 15 survivors (15360K)
 Metaspace       used 89296K, capacity 91476K, committed 91728K, reserved 1128448K
  class space    used 11540K, capacity 12352K, committed 12448K, reserved 1048576K
}
Event: 22.205 GC heap before
{Heap before GC invocations=14 (full 0):
 garbage-first heap   total 260096K, used 184559K [0x0000000080000000, 0x0000000100000000)
  region size 1024K, 122 young (124928K), 15 survivors (15360K)
 Metaspace       used 92025K, capacity 94281K, committed 94416K, reserved 1136640K
  class space    used 11840K, capacity 12723K, committed 12832K, reserved 1048576K
}
Event: 22.221 GC heap after
{Heap after GC invocations=15 (full 0):
 garbage-first heap   total 260096K, used 85124K [0x0000000080000000, 0x0000000100000000)
  region size 1024K, 15 young (15360K), 15 survivors (15360K)
 Metaspace       used 92025K, capacity 94281K, committed 94416K, reserved 1136640K
  class space    used 11840K, capacity 12723K, committed 12832K, reserved 1048576K
}

