# JRE version: OpenJDK Runtime Environment (11.0.13) (build 11.0.13+0-b1751.21-8125866)
# Java VM: OpenJDK 64-Bit Server VM (11.0.13+0-b1751.21-8125866, mixed mode, tiered, compressed oops, g1 gc, windows-amd64)
Heap:
 garbage-first heap   total 260096K, used 151435K [0x0000000080000000, 0x0000000100000000)
  region size 1024K, 60 young (61440K), 2 survivors (2048K)
 Metaspace       used 100688K, capacity 102974K, committed 103480K, reserved 1138688K
  class space    used 12561K, capacity 13390K, committed 13624K, reserved 1048576K
GC Heap History (20 events):
Event: 14.156 GC heap before
{Heap before GC invocations=7 (full 0):
 garbage-first heap   total 260096K, used 175671K [0x0000000080000000, 0x0000000100000000)
  region size 1024K, 152 young (155648K), 13 survivors (13312K)
 Metaspace       used 57138K, capacity 58534K, committed 58832K, reserved 1099776K
  class space    used 7193K, capacity 7722K, committed 7808K, reserved 1048576K
}
Event: 14.171 GC heap after
{Heap after GC invocations=8 (full 0):
 garbage-first heap   total 260096K, used 42770K [0x0000000080000000, 0x0000000100000000)
  region size 1024K, 17 young (17408K), 17 survivors (17408K)
 Metaspace       used 57138K, capacity 58534K, committed 58832K, reserved 1099776K
  class space    used 7193K, capacity 7722K, committed 7808K, reserved 1048576K
}
Event: 14.436 GC heap before
{Heap before GC invocations=8 (full 0):
 garbage-first heap   total 260096K, used 51986K [0x0000000080000000, 0x0000000100000000)
  region size 1024K, 27 young (27648K), 17 survivors (17408K)
 Metaspace       used 58803K, capacity 60204K, committed 60296K, reserved 1101824K
  class space    used 7416K, capacity 7938K, committed 7992K, reserved 1048576K
}
Event: 14.450 GC heap after
{Heap after GC invocations=9 (full 0):
 garbage-first heap   total 260096K, used 43619K [0x0000000080000000, 0x0000000100000000)
  region size 1024K, 11 young (11264K), 11 survivors (11264K)
 Metaspace       used 58803K, capacity 60204K, committed 60296K, reserved 1101824K
  class space    used 7416K, capacity 7938K, committed 7992K, reserved 1048576K
}
Event: 16.995 GC heap before
{Heap before GC invocations=10 (full 0):
 garbage-first heap   total 260096K, used 195171K [0x0000000080000000, 0x0000000100000000)
  region size 1024K, 152 young (155648K), 11 survivors (11264K)
 Metaspace       used 67877K, capacity 69507K, committed 69896K, reserved 1110016K
  class space    used 8618K, capacity 9250K, committed 9400K, reserved 1048576K
}
Event: 17.006 GC heap after
{Heap after GC invocations=11 (full 0):
 garbage-first heap   total 260096K, used 54136K [0x0000000080000000, 0x0000000100000000)
  region size 1024K, 19 young (19456K), 19 survivors (19456K)
 Metaspace       used 67877K, capacity 69507K, committed 69896K, reserved 1110016K
  class space    used 8618K, capacity 9250K, committed 9400K, reserved 1048576K
}
Event: 20.267 GC heap before
{Heap before GC invocations=11 (full 0):
 garbage-first heap   total 260096K, used 190328K [0x0000000080000000, 0x0000000100000000)
  region size 1024K, 152 young (155648K), 19 survivors (19456K)
 Metaspace       used 81306K, capacity 83214K, committed 83464K, reserved 1122304K
  class space    used 10638K, capacity 11394K, committed 11448K, reserved 1048576K
}
Event: 20.286 GC heap after
{Heap after GC invocations=12 (full 0):
 garbage-first heap   total 260096K, used 63275K [0x0000000080000000, 0x0000000100000000)
  region size 1024K, 18 young (18432K), 18 survivors (18432K)
 Metaspace       used 81306K, capacity 83214K, committed 83464K, reserved 1122304K
  class space    used 10638K, capacity 11394K, committed 11448K, reserved 1048576K
}
Event: 23.212 GC heap before
{Heap before GC invocations=12 (full 0):
 garbage-first heap   total 260096K, used 208683K [0x0000000080000000, 0x0000000100000000)
  region size 1024K, 151 young (154624K), 18 survivors (18432K)
 Metaspace       used 86446K, capacity 88651K, committed 88840K, reserved 1126400K
  class space    used 11216K, capacity 12065K, committed 12216K, reserved 1048576K
}
Event: 23.238 GC heap after
{Heap after GC invocations=13 (full 0):
 garbage-first heap   total 260096K, used 85215K [0x0000000080000000, 0x0000000100000000)
  region size 1024K, 19 young (19456K), 19 survivors (19456K)
 Metaspace       used 86446K, capacity 88651K, committed 88840K, reserved 1126400K
  class space    used 11216K, capacity 12065K, committed 12216K, reserved 1048576K
}
Event: 26.145 GC heap before
{Heap before GC invocations=13 (full 0):
 garbage-first heap   total 260096K, used 209119K [0x0000000080000000, 0x0000000100000000)
  region size 1024K, 126 young (129024K), 19 survivors (19456K)
 Metaspace       used 93326K, capacity 95645K, committed 95752K, reserved 1132544K
  class space    used 11819K, capacity 12695K, committed 12728K, reserved 1048576K
}
Event: 26.171 GC heap after
{Heap after GC invocations=14 (full 0):
 garbage-first heap   total 260096K, used 96574K [0x0000000080000000, 0x0000000100000000)
  region size 1024K, 10 young (10240K), 10 survivors (10240K)
 Metaspace       used 93326K, capacity 95645K, committed 95752K, reserved 1132544K
  class space    used 11819K, capacity 12695K, committed 12728K, reserved 1048576K
}
Event: 28.596 GC heap before
{Heap before GC invocations=14 (full 0):
 garbage-first heap   total 260096K, used 197950K [0x0000000080000000, 0x0000000100000000)
  region size 1024K, 110 young (112640K), 10 survivors (10240K)
 Metaspace       used 98038K, capacity 100320K, committed 100616K, reserved 1136640K
  class space    used 12345K, capacity 13197K, committed 13240K, reserved 1048576K
}
Event: 28.604 GC heap after
{Heap after GC invocations=15 (full 0):
 garbage-first heap   total 260096K, used 96150K [0x0000000080000000, 0x0000000100000000)
  region size 1024K, 5 young (5120K), 5 survivors (5120K)
 Metaspace       used 98038K, capacity 100320K, committed 100616K, reserved 1136640K
  class space    used 12345K, capacity 13197K, committed 13240K, reserved 1048576K
}
Event: 28.679 GC heap before
{Heap before GC invocations=15 (full 0):
 garbage-first heap   total 260096K, used 101270K [0x0000000080000000, 0x0000000100000000)
  region size 1024K, 11 young (11264K), 5 survivors (5120K)
 Metaspace       used 98442K, capacity 100704K, committed 100920K, reserved 1136640K
  class space    used 12398K, capacity 13261K, committed 13368K, reserved 1048576K
}
Event: 28.684 GC heap after
{Heap after GC invocations=16 (full 0):
 garbage-first heap   total 260096K, used 96057K [0x0000000080000000, 0x0000000100000000)
  region size 1024K, 5 young (5120K), 5 survivors (5120K)
 Metaspace       used 98442K, capacity 100704K, committed 100920K, reserved 1136640K
  class space    used 12398K, capacity 13261K, committed 13368K, reserved 1048576K
}
Event: 30.320 GC heap before
{Heap before GC invocations=17 (full 0):
 garbage-first heap   total 260096K, used 179001K [0x0000000080000000, 0x0000000100000000)
  region size 1024K, 94 young (96256K), 5 survivors (5120K)
 Metaspace       used 99555K, capacity 101682K, committed 102328K, reserved 1138688K
  class space    used 12445K, capacity 13223K, committed 13496K, reserved 1048576K
}
Event: 30.333 GC heap after
{Heap after GC invocations=18 (full 0):
 garbage-first heap   total 260096K, used 95365K [0x0000000080000000, 0x0000000100000000)
  region size 1024K, 12 young (12288K), 12 survivors (12288K)
 Metaspace       used 99555K, capacity 101682K, committed 102328K, reserved 1138688K
  class space    used 12445K, capacity 13223K, committed 13496K, reserved 1048576K
}
Event: 30.356 GC heap before
{Heap before GC invocations=18 (full 0):
 garbage-first heap   total 260096K, used 96389K [0x0000000080000000, 0x0000000100000000)
  region size 1024K, 13 young (13312K), 12 survivors (12288K)
 Metaspace       used 99557K, capacity 101686K, committed 102328K, reserved 1138688K
  class space    used 12445K, capacity 13223K, committed 13496K, reserved 1048576K
}
Event: 30.365 GC heap after
{Heap after GC invocations=19 (full 0):
 garbage-first heap   total 260096K, used 94091K [0x0000000080000000, 0x0000000100000000)
  region size 1024K, 2 young (2048K), 2 survivors (2048K)
 Metaspace       used 99557K, capacity 101686K, committed 102328K, reserved 1138688K
  class space    used 12445K, capacity 13223K, committed 13496K, reserved 1048576K
}

